<?xml version="1.0" encoding="UTF-8"?>
<testsuite xmlns:xsi="http://www.w3.org/2001/XMLSchema-instance" xsi:noNamespaceSchemaLocation="https://maven.apache.org/surefire/maven-surefire-plugin/xsd/surefire-test-report-3.0.xsd" version="3.0" name="com.iut.AccountServiceTest" time="0.261" tests="10" errors="0" skipped="0" failures="0">
  <properties>
    <property name="java.specification.version" value="21"/>
    <property name="sun.cpu.isalist" value="amd64"/>
    <property name="sun.jnu.encoding" value="UTF-8"/>
    <property name="java.class.path" value="D:\term 6\Software Testing\HWs\HW4_practical\ex3\ex3\target\test-classes;D:\term 6\Software Testing\HWs\HW4_practical\ex3\ex3\target\classes;C:\Users\Padidar\.m2\repository\org\junit\jupiter\junit-jupiter-api\5.12.0\junit-jupiter-api-5.12.0.jar;C:\Users\Padidar\.m2\repository\org\opentest4j\opentest4j\1.3.0\opentest4j-1.3.0.jar;C:\Users\Padidar\.m2\repository\org\junit\platform\junit-platform-commons\1.12.0\junit-platform-commons-1.12.0.jar;C:\Users\Padidar\.m2\repository\org\apiguardian\apiguardian-api\1.1.2\apiguardian-api-1.1.2.jar;C:\Users\Padidar\.m2\repository\org\junit\jupiter\junit-jupiter-params\5.12.0\junit-jupiter-params-5.12.0.jar;C:\Users\Padidar\.m2\repository\com\h2database\h2\2.2.224\h2-2.2.224.jar;"/>
    <property name="java.vm.vendor" value="Oracle Corporation"/>
    <property name="sun.arch.data.model" value="64"/>
    <property name="user.variant" value=""/>
    <property name="java.vendor.url" value="https://java.oracle.com/"/>
    <property name="user.timezone" value="GMT+03:30"/>
    <property name="os.name" value="Windows 10"/>
    <property name="java.vm.specification.version" value="21"/>
    <property name="sun.java.launcher" value="SUN_STANDARD"/>
    <property name="user.country" value="US"/>
    <property name="sun.boot.library.path" value="C:\Program Files\Java\jdk-21\bin"/>
    <property name="sun.java.command" value="C:\Users\Padidar\AppData\Local\Temp\surefire8322198874316449448\surefirebooter-20250803010211868_3.jar C:\Users\Padidar\AppData\Local\Temp\surefire8322198874316449448 2025-08-03T01-02-11_404-jvmRun1 surefire-20250803010211868_1tmp surefire_0-20250803010211868_2tmp"/>
    <property name="jdk.debug" value="release"/>
    <property name="surefire.test.class.path" value="D:\term 6\Software Testing\HWs\HW4_practical\ex3\ex3\target\test-classes;D:\term 6\Software Testing\HWs\HW4_practical\ex3\ex3\target\classes;C:\Users\Padidar\.m2\repository\org\junit\jupiter\junit-jupiter-api\5.12.0\junit-jupiter-api-5.12.0.jar;C:\Users\Padidar\.m2\repository\org\opentest4j\opentest4j\1.3.0\opentest4j-1.3.0.jar;C:\Users\Padidar\.m2\repository\org\junit\platform\junit-platform-commons\1.12.0\junit-platform-commons-1.12.0.jar;C:\Users\Padidar\.m2\repository\org\apiguardian\apiguardian-api\1.1.2\apiguardian-api-1.1.2.jar;C:\Users\Padidar\.m2\repository\org\junit\jupiter\junit-jupiter-params\5.12.0\junit-jupiter-params-5.12.0.jar;C:\Users\Padidar\.m2\repository\com\h2database\h2\2.2.224\h2-2.2.224.jar;"/>
    <property name="sun.cpu.endian" value="little"/>
    <property name="user.home" value="C:\Users\Padidar"/>
    <property name="user.language" value="en"/>
    <property name="java.specification.vendor" value="Oracle Corporation"/>
    <property name="java.version.date" value="2025-01-21"/>
    <property name="java.home" value="C:\Program Files\Java\jdk-21"/>
    <property name="file.separator" value="\"/>
    <property name="basedir" value="D:\term 6\Software Testing\HWs\HW4_practical\ex3\ex3"/>
    <property name="java.vm.compressedOopsMode" value="Zero based"/>
    <property name="line.separator" value="&#10;"/>
    <property name="java.vm.specification.vendor" value="Oracle Corporation"/>
    <property name="java.specification.name" value="Java Platform API Specification"/>
    <property name="surefire.real.class.path" value="C:\Users\Padidar\AppData\Local\Temp\surefire8322198874316449448\surefirebooter-20250803010211868_3.jar"/>
    <property name="user.script" value=""/>
    <property name="sun.management.compiler" value="HotSpot 64-Bit Tiered Compilers"/>
    <property name="java.runtime.version" value="21.0.6+8-LTS-188"/>
    <property name="user.name" value="Padidar"/>
    <property name="stdout.encoding" value="UTF-8"/>
    <property name="path.separator" value=";"/>
    <property name="os.version" value="10.0"/>
    <property name="java.runtime.name" value="Java(TM) SE Runtime Environment"/>
    <property name="file.encoding" value="UTF-8"/>
    <property name="java.vm.name" value="Java HotSpot(TM) 64-Bit Server VM"/>
    <property name="localRepository" value="C:\Users\Padidar\.m2\repository"/>
    <property name="java.vendor.url.bug" value="https://bugreport.java.com/bugreport/"/>
    <property name="java.io.tmpdir" value="C:\Users\Padidar\AppData\Local\Temp\"/>
    <property name="java.version" value="21.0.6"/>
    <property name="user.dir" value="D:\term 6\Software Testing\HWs\HW4_practical\ex3\ex3"/>
    <property name="os.arch" value="amd64"/>
    <property name="java.vm.specification.name" value="Java Virtual Machine Specification"/>
    <property name="sun.os.patch.level" value=""/>
    <property name="native.encoding" value="UTF-8"/>
    <property name="java.library.path" value="C:\Program Files\Java\jdk-21\bin;C:\Windows\Sun\Java\bin;C:\Windows\system32;C:\Windows;C:\Program Files\Common Files\Oracle\Java\javapath;C:\Program Files (x86)\Common Files\Oracle\Java\java8path;C:\Program Files (x86)\Common Files\Oracle\Java\javapath;C:\Program Files (x86)\VMware\VMware Workstation\bin\;C:\Program Files\Microsoft\jdk-11.0.16.101-hotspot\bin;C:\Windows\system32;C:\Windows;C:\Windows\System32\Wbem;C:\Windows\System32\WindowsPowerShell\v1.0\;C:\Windows\System32\OpenSSH\;C:\Program Files (x86)\NVIDIA Corporation\PhysX\Common;C:\Program Files\NVIDIA Corporation\NVIDIA NvDLISR;C:\Program Files\Microsoft SQL Server\Client SDK\ODBC\170\Tools\Binn\;C:\Program Files\Microsoft SQL Server\150\Tools\Binn\;C:\Program Files\Microsoft VS Code\bin;C:\MinGW\bin;C:\Program Files\Git\cmd;C:\Program Files\dotnet\;C:\Program Files (x86)\Microsoft SQL Server\160\Tools\Binn\;C:\Program Files\Microsoft SQL Server\160\Tools\Binn\;C:\Program Files\Microsoft SQL Server\160\DTS\Binn\;C:\Program Files (x86)\Microsoft SQL Server\160\DTS\Binn\;C:\Program Files\CMake\bin;C:\Program Files\apache-maven-3.9.9\bin;C:\Program Files\apache-maven-3.9.9\bin;C:\Users\Padidar\OneDrive\Documents\ghidra_11.3.2_PUBLIC_20250415\ghidra_11.3.2_PUBLIC;C:\xampp\apache\bin;C:\Program Files\nodejs\;C:\Users\Padidar\AppData\Local\Programs\Python\Python311\Scripts\;C:\Users\Padidar\AppData\Local\Programs\Python\Python311\;C:\Users\Padidar\AppData\Local\Programs\Python\Python313\Scripts\;C:\Users\Padidar\AppData\Local\Programs\Python\Python313\;C:\Users\Padidar\AppData\Local\Programs\Python\Launcher\;C:\Program Files\MySQL\MySQL Shell 8.0\bin\;C:\Users\Padidar\AppData\Local\Microsoft\WindowsApps;C:\Users\Padidar\AppData\Local\GitHubDesktop\bin;C:\Users\Padidar\AppData\Local\Programs\Microsoft VS Code\bin;C:\Users\Padidar\.dotnet\tools;D:\term 6\Secure software\php;C:\Program Files (x86)\Nmap;C:\Users\Padidar\AppData\Roaming\npm;."/>
    <property name="java.vm.info" value="mixed mode, sharing"/>
    <property name="stderr.encoding" value="UTF-8"/>
    <property name="java.vendor" value="Oracle Corporation"/>
    <property name="java.vm.version" value="21.0.6+8-LTS-188"/>
    <property name="sun.io.unicode.encoding" value="UnicodeLittle"/>
    <property name="java.class.version" value="65.0"/>
  </properties>
  <testcase name="transferTest" classname="com.iut.AccountServiceTest" time="0.146"/>
  <testcase name="getBalanceTest" classname="com.iut.AccountServiceTest" time="0.002"/>
  <testcase name="depositTest" classname="com.iut.AccountServiceTest" time="0.002"/>
  <testcase name="accountConstructorAndToStringTest" classname="com.iut.AccountServiceTest" time="0.003"/>
  <testcase name="getAllAccountsTest" classname="com.iut.AccountServiceTest" time="0.003"/>
  <testcase name="deleteAccountTest" classname="com.iut.AccountServiceTest" time="0.004"/>
  <testcase name="existsAndGetAccountTest" classname="com.iut.AccountServiceTest" time="0.001"/>
  <testcase name="createAccountTest" classname="com.iut.AccountServiceTest" time="0.002"/>
  <testcase name="withdrawTest" classname="com.iut.AccountServiceTest" time="0.003"/>
  <testcase name="updateNonexistentAccountTest" classname="com.iut.AccountServiceTest" time="0.001"/>
</testsuite>